<?xml version="1.0" encoding="utf-8"?><testsuites name="pytest tests"><testsuite name="pytest" errors="0" failures="0" skipped="0" tests="14" time="2.802" timestamp="2026-06-03T23:11:07.048523+00:00" hostname="agent-env-52259904-a18b-48ec-85db-988329e5f062"><testcase classname="backend.tests.test_meetings_enrichment.TestSearch" name="test_search_bcg" time="0.622" /><testcase classname="backend.tests.test_meetings_enrichment.TestSearch" name="test_search_boston_consulting" time="0.128" /><testcase classname="backend.tests.test_meetings_enrichment.TestSearch" name="test_search_wordflex_action_items" time="0.136" /><testcase classname="backend.tests.test_meetings_enrichment.TestSearch" name="test_search_afore" time="0.113" /><testcase classname="backend.tests.test_meetings_enrichment.TestSearch" name="test_search_zoom" time="0.134" /><testcase classname="backend.tests.test_meetings_enrichment.TestAttioEnrichment" name="test_attio_linked_company_names" time="0.120" /><testcase classname="backend.tests.test_meetings_enrichment.TestAttioEnrichment" name="test_attio_summary_description_present" time="0.158" /><testcase classname="backend.tests.test_meetings_enrichment.TestFirefliesEnrichment" name="test_fireflies_action_items_list" time="0.128" /><testcase classname="backend.tests.test_meetings_enrichment.TestFirefliesEnrichment" name="test_fireflies_recording_deeplink" time="0.115" /><testcase classname="backend.tests.test_meetings_enrichment.TestRegressions" name="test_single_meeting_get_valid" time="0.576" /><testcase classname="backend.tests.test_meetings_enrichment.TestRegressions" name="test_single_meeting_get_bogus" time="0.122" /><testcase classname="backend.tests.test_meetings_enrichment.TestRegressions" name="test_action_items_endpoint" time="0.107" /><testcase classname="backend.tests.test_meetings_enrichment.TestRegressions" name="test_dashboard_trends" time="0.121" /><testcase classname="backend.tests.test_meetings_enrichment.TestRegressions" name="test_chat_history_endpoint" time="0.133" /></testsuite></testsuites>