<?xml version="1.0" encoding="utf-8"?><testsuites name="pytest tests"><testsuite name="pytest" errors="0" failures="0" skipped="0" tests="14" time="4.637" timestamp="2026-06-04T11:25:08.375880+00:00" hostname="agent-env-52259904-a18b-48ec-85db-988329e5f062"><testcase classname="backend.tests.test_meetings_iteration4.TestMeetingsListing" name="test_total_meetings_after_pagination_fix" time="1.011" /><testcase classname="backend.tests.test_meetings_iteration4.TestMeetingsListing" name="test_meetings_sorted_desc_with_future_dates_on_top" time="0.166" /><testcase classname="backend.tests.test_meetings_iteration4.TestMeetingsListing" name="test_source_split_attio_dominant_fireflies_present" time="0.505" /><testcase classname="backend.tests.test_meetings_iteration4.TestUnmappedParticipants" name="test_unmapped_returns_real_emails_and_known_count" time="0.129" /><testcase classname="backend.tests.test_meetings_iteration4.TestUnmappedParticipants" name="test_unmapped_excludes_admin" time="0.127" /><testcase classname="backend.tests.test_meetings_iteration4.TestUnmappedParticipants" name="test_unmapped_requires_admin" time="0.438" /><testcase classname="backend.tests.test_meetings_iteration4.TestEmailAliases" name="test_put_email_aliases_persists" time="0.460" /><testcase classname="backend.tests.test_meetings_iteration4.TestEmailAliases" name="test_put_email_aliases_dedup_and_lowercase" time="0.103" /><testcase classname="backend.tests.test_meetings_iteration4.TestEmailAliases" name="test_put_email_aliases_404_unknown_employee" time="0.216" /><testcase classname="backend.tests.test_meetings_iteration4.TestLazyRecordings" name="test_meeting_recordings_endpoint" time="0.621" /><testcase classname="backend.tests.test_meetings_iteration4.TestLazyRecordings" name="test_recordings_404_for_unknown_meeting" time="0.110" /><testcase classname="backend.tests.test_meetings_iteration4.TestRegression" name="test_search_bcg" time="0.116" /><testcase classname="backend.tests.test_meetings_iteration4.TestRegression" name="test_get_single_meeting_200" time="0.211" /><testcase classname="backend.tests.test_meetings_iteration4.TestRegression" name="test_action_items_endpoint_200" time="0.109" /></testsuite></testsuites>