<?xml version="1.0" encoding="utf-8"?><testsuites name="pytest tests"><testsuite name="pytest" errors="0" failures="0" skipped="0" tests="9" time="10.116" timestamp="2026-06-03T21:57:14.015336+00:00" hostname="agent-env-52259904-a18b-48ec-85db-988329e5f062"><testcase classname="backend.tests.test_meetings_hub.TestMeetingsListing" name="test_get_meetings_default" time="0.586" /><testcase classname="backend.tests.test_meetings_hub.TestMeetingsListing" name="test_get_meetings_limit_500" time="0.172" /><testcase classname="backend.tests.test_meetings_hub.TestMeetingsListing" name="test_get_attio_meetings" time="0.158" /><testcase classname="backend.tests.test_meetings_hub.TestMeetingsListing" name="test_get_fireflies_meetings_has_recordings" time="0.125" /><testcase classname="backend.tests.test_meetings_hub.TestMeetingsSync" name="test_sync_status_endpoint" time="0.125" /><testcase classname="backend.tests.test_meetings_hub.TestMeetingsSync" name="test_sync_meetings_kickoff" time="0.117" /><testcase classname="backend.tests.test_meetings_hub.TestChatEndpoints" name="test_chat_history" time="0.235" /><testcase classname="backend.tests.test_meetings_hub.TestChatEndpoints" name="test_chat_delete" time="0.111" /><testcase classname="backend.tests.test_meetings_hub.TestChatEndpoints" name="test_chat_post_handles_budget_error_gracefully" time="8.220" /></testsuite></testsuites>